[2026-03-08 22:28:35] === Starting 10-hour meme collection ===
[2026-03-08 22:28:35] Start time: 2026-03-08 22:28:35
[2026-03-08 22:28:35] End time: 2026-03-09 08:28:35
[2026-03-08 22:28:35] Keywords: 新三国, 三国, 三国演义, 曹操, 刘备, 诸葛亮, 
关羽, 吕布, 赵云, 张飞
[2026-03-08 22:28:35] 
[2026-03-08 22:28:35] Batch 1: Processing keyword '新三国'
[2026-03-08 22:28:38]   Found 3 videos
[2026-03-08 22:28:42]   Saved 32 memes
[2026-03-08 22:28:42] Batch 1 complete. Stats: 3 videos, 32 memes
[2026-03-08 22:28:42] Elapsed: 0:00:06.799133, Remaining: 9:59:53.200865
[2026-03-08 22:28:42] 
[2026-03-08 22:28:42] Sleeping 30s before next batch...
[2026-03-08 22:29:15] Batch 2: Processing keyword '新三国'
[2026-03-08 22:29:17]   Found 3 videos
[2026-03-08 22:29:23]   Saved 34 memes
[2026-03-08 22:29:23] Batch 2 complete. Stats: 6 videos, 66 memes
[2026-03-08 22:29:23] Elapsed: 0:00:47.413039, Remaining: 9:59:12.586959
[2026-03-08 22:29:23] 
[2026-03-08 22:29:23] Sleeping 30s before next batch...
[2026-03-08 22:29:55] Batch 3: Processing keyword '新三国'
[2026-03-08 22:29:57]   Found 3 videos
[2026-03-08 22:30:02]   Saved 34 memes
[2026-03-08 22:30:02] Batch 3 complete. Stats: 9 videos, 100 memes
[2026-03-08 22:30:02] Elapsed: 0:01:27.118428, Remaining: 9:58:32.881570
[2026-03-08 22:30:02] 
[2026-03-08 22:30:02] Sleeping 30s before next batch...
[2026-03-08 22:30:34] Batch 4: Processing keyword '新三国'
[2026-03-08 22:30:36]   Found 3 videos
[2026-03-08 22:30:42]   Saved 34 memes
[2026-03-08 22:30:42] Batch 4 complete. Stats: 12 videos, 134 memes
[2026-03-08 22:30:42] Elapsed: 0:02:06.676189, Remaining: 9:57:53.323810
[2026-03-08 22:30:42] 
[2026-03-08 22:30:42] Sleeping 30s before next batch...

Shutdown requested. Finishing current batch...

Shutdown requested. Finishing current batch...
[2026-03-08 22:46:17] === Starting 10-hour meme collection ===
[2026-03-08 22:46:17] Start time: 2026-03-08 22:46:17
[2026-03-08 22:46:17] End time: 2026-03-09 08:46:17
[2026-03-08 22:46:17] Keywords: 新三国, 三国, 三国演义, 曹操, 刘备, 诸葛亮, 
关羽, 吕布, 赵云, 张飞
[2026-03-08 22:46:17] 
[2026-03-08 22:46:17] Batch 1: Processing keyword '新三国'
[2026-03-08 22:46:19]   Found 3 videos
[2026-03-08 22:46:29]   Saved 17 memes
[2026-03-08 22:46:29] Batch 1 complete. Stats: 3 videos, 17 memes
[2026-03-08 22:46:29] Elapsed: 0:00:12.226830, Remaining: 9:59:47.773169
[2026-03-08 22:46:29] 
[2026-03-08 22:46:29] Sleeping 30s before next batch...
[2026-03-08 22:47:01] Batch 2: Processing keyword '新三国'
[2026-03-08 22:47:01]   No videos found for '新三国'
[2026-03-08 22:47:01] Batch 2 complete. Stats: 3 videos, 17 memes
[2026-03-08 22:47:01] Elapsed: 0:00:44.223686, Remaining: 9:59:15.776308
[2026-03-08 22:47:01] 
[2026-03-08 22:47:01] Sleeping 30s before next batch...
[2026-03-08 22:47:33] Batch 3: Processing keyword '新三国'
[2026-03-08 22:47:35]   Found 3 videos
[2026-03-08 22:47:42]   Saved 34 memes
[2026-03-08 22:47:42] Batch 3 complete. Stats: 6 videos, 51 memes
[2026-03-08 22:47:42] Elapsed: 0:01:25.566441, Remaining: 9:58:34.433557
[2026-03-08 22:47:42] 
[2026-03-08 22:47:42] Sleeping 30s before next batch...
[2026-03-08 22:48:14] Batch 4: Processing keyword '新三国'
[2026-03-08 22:48:16]   Found 3 videos
[2026-03-08 22:48:22]   Saved 34 memes
[2026-03-08 22:48:22] Batch 4 complete. Stats: 9 videos, 85 memes
[2026-03-08 22:48:22] Elapsed: 0:02:05.078686, Remaining: 9:57:54.921312
[2026-03-08 22:48:22] 
[2026-03-08 22:48:22] Sleeping 30s before next batch...

Shutdown requested. Finishing current batch...

Shutdown requested. Finishing current batch...
[2026-03-08 22:52:29] === Starting 10-hour meme collection ===
[2026-03-08 22:52:29] Start time: 2026-03-08 22:52:29
[2026-03-08 22:52:29] End time: 2026-03-09 08:52:29
[2026-03-08 22:52:29] Keywords: 新三国, 三国, 三国演义, 曹操, 刘备, 诸葛亮, 
关羽, 吕布, 赵云, 张飞
[2026-03-08 22:52:29] 
[2026-03-08 22:52:29] Batch 1: Processing keyword '新三国'
[2026-03-08 22:52:29]   No videos found for '新三国'
[2026-03-08 22:52:29] Batch 1 complete. Stats: 0 total videos (0 unique), 0 
memes
[2026-03-08 22:52:29] Elapsed: 0:00:00.176896, Remaining: 9:59:59.823100
[2026-03-08 22:52:29] 
[2026-03-08 22:52:29] Sleeping 30s before next batch...
[2026-03-08 22:53:00] Batch 2: Processing keyword '新三国'
[2026-03-08 22:53:00]   Processing 3 new videos
[2026-03-08 22:53:06]   Saved 34 memes
[2026-03-08 22:53:06] Batch 2 complete. Stats: 3 total videos (3 unique), 34 
memes
[2026-03-08 22:53:06] Elapsed: 0:00:37.190588, Remaining: 9:59:22.809409
[2026-03-08 22:53:06] 
[2026-03-08 22:53:06] Sleeping 30s before next batch...
[2026-03-08 22:53:39] Batch 3: Processing keyword '新三国'
[2026-03-08 22:53:39]   Skipped 3 already processed videos
[2026-03-08 22:53:39]   Processing 3 new videos
[2026-03-08 22:53:44]   Saved 28 memes
[2026-03-08 22:53:44] Batch 3 complete. Stats: 6 total videos (6 unique), 62 
memes
[2026-03-08 22:53:44] Elapsed: 0:01:14.656714, Remaining: 9:58:45.343284
[2026-03-08 22:53:44] 
[2026-03-08 22:53:44] Sleeping 30s before next batch...
[2026-03-08 22:54:15] Batch 4: Processing keyword '新三国'
[2026-03-08 22:54:16]   No videos found for '新三国'
[2026-03-08 22:54:16] Batch 4 complete. Stats: 6 total videos (6 unique), 62 
memes
[2026-03-08 22:54:16] Elapsed: 0:01:46.660752, Remaining: 9:58:13.339243
[2026-03-08 22:54:16] 
[2026-03-08 22:54:16] Sleeping 30s before next batch...

Shutdown requested. Finishing current batch...

Shutdown requested. Finishing current batch...
